android/build/outputs/logs/manifest-merger-debug-report.txt
-- Merging decision tree log ---
manifest
ADDED from android\AndroidManifest.xml:2:1-31:12
	xmlns:android
		ADDED from android\AndroidManifest.xml:2:11-69
	package
		ADDED from android\AndroidManifest.xml:3:5-29
		INJECTED from android\AndroidManifest.xml
		INJECTED from android\AndroidManifest.xml
	android:versionName
		ADDED from android\AndroidManifest.xml:5:5-30
		INJECTED from android\AndroidManifest.xml
		INJECTED from android\AndroidManifest.xml
	android:versionCode
		ADDED from android\AndroidManifest.xml:4:5-28
		INJECTED from android\AndroidManifest.xml
		INJECTED from android\AndroidManifest.xml
uses-sdk
ADDED from android\AndroidManifest.xml:7:5-73
	android:targetSdkVersion
		ADDED from android\AndroidManifest.xml:7:41-70
		INJECTED from android\AndroidManifest.xml
		INJECTED from android\AndroidManifest.xml
	android:minSdkVersion
		ADDED from android\AndroidManifest.xml:7:15-40
		INJECTED from android\AndroidManifest.xml
		INJECTED from android\AndroidManifest.xml
uses-permission#android.permission.INTERNET
ADDED from android\AndroidManifest.xml:10:5-66
	android:name
		ADDED from android\AndroidManifest.xml:10:22-64
uses-permission#com.android.vending.BILLING
ADDED from android\AndroidManifest.xml:12:5-66
	android:name
		ADDED from android\AndroidManifest.xml:12:22-64
application
ADDED from android\AndroidManifest.xml:14:5-29:19
	android:label
		ADDED from android\AndroidManifest.xml:17:9-41
	android:allowBackup
		ADDED from android\AndroidManifest.xml:15:9-35
	android:icon
		ADDED from android\AndroidManifest.xml:16:9-45
	android:theme
		ADDED from android\AndroidManifest.xml:18:9-40
activity#com.mygdx.game.AndroidLauncher
ADDED from android\AndroidManifest.xml:19:9-28:20
	android:screenOrientation
		ADDED from android\AndroidManifest.xml:22:13-49
	android:label
		ADDED from android\AndroidManifest.xml:21:13-45
	android:configChanges
		ADDED from android\AndroidManifest.xml:23:13-83
	android:name
		ADDED from android\AndroidManifest.xml:20:13-58
intent-filter#android.intent.action.MAIN+android.intent.category.LAUNCHER
ADDED from android\AndroidManifest.xml:24:13-27:29
action#android.intent.action.MAIN
ADDED from android\AndroidManifest.xml:25:17-69
	android:name
		ADDED from android\AndroidManifest.xml:25:25-66
category#android.intent.category.LAUNCHER
ADDED from android\AndroidManifest.xml:26:17-77
	android:name
		ADDED from android\AndroidManifest.xml:26:27-74